2026-02-23T12:49:34.615-06:00  INFO 14127 --- [portfolio-backend] [main] c.k.p.PortfolioBackendApplication        : Starting PortfolioBackendApplication using Java 25.0.1 with PID 14127 (/Users/kevinmartinez/Desktop/portfolio-repo/portfolio-backend/target/classes started by kevinmartinez in /Users/kevinmartinez/Desktop/portfolio-repo/portfolio-backend)
2026-02-23T12:49:34.637-06:00  INFO 14127 --- [portfolio-backend] [main] c.k.p.PortfolioBackendApplication        : No active profile set, falling back to 1 default profile: "default"
2026-02-23T12:49:35.622-06:00  INFO 14127 --- [portfolio-backend] [main] .s.d.r.c.RepositoryConfigurationDelegate : Bootstrapping Spring Data JPA repositories in DEFAULT mode.
2026-02-23T12:49:35.693-06:00  INFO 14127 --- [portfolio-backend] [main] .s.d.r.c.RepositoryConfigurationDelegate : Finished Spring Data repository scanning in 59 ms. Found 1 JPA repository interface.
2026-02-23T12:49:36.462-06:00  INFO 14127 --- [portfolio-backend] [main] o.s.boot.tomcat.TomcatWebServer          : Tomcat initialized with port 8080 (http)
2026-02-23T12:49:36.484-06:00  INFO 14127 --- [portfolio-backend] [main] o.apache.catalina.core.StandardService   : Starting service [Tomcat]
2026-02-23T12:49:36.485-06:00  INFO 14127 --- [portfolio-backend] [main] o.apache.catalina.core.StandardEngine    : Starting Servlet engine: [Apache Tomcat/11.0.15]
2026-02-23T12:49:36.589-06:00  INFO 14127 --- [portfolio-backend] [main] b.w.c.s.WebApplicationContextInitializer : Root WebApplicationContext: initialization completed in 1862 ms
2026-02-23T12:49:36.845-06:00  INFO 14127 --- [portfolio-backend] [main] org.hibernate.orm.jpa                    : HHH008540: Processing PersistenceUnitInfo [name: default]
2026-02-23T12:49:36.899-06:00  INFO 14127 --- [portfolio-backend] [main] org.hibernate.orm.core                   : HHH000001: Hibernate ORM core version 7.2.1.Final
2026-02-23T12:49:37.473-06:00  INFO 14127 --- [portfolio-backend] [main] o.s.o.j.p.SpringPersistenceUnitInfo      : No LoadTimeWeaver setup: ignoring JPA class transformer
2026-02-23T12:49:37.512-06:00  INFO 14127 --- [portfolio-backend] [main] com.zaxxer.hikari.HikariDataSource       : HikariPool-1 - Starting...
2026-02-23T12:49:37.706-06:00  INFO 14127 --- [portfolio-backend] [main] com.zaxxer.hikari.pool.HikariPool        : HikariPool-1 - Added connection conn0: url=jdbc:h2:mem:testdb user=SA
2026-02-23T12:49:37.708-06:00  INFO 14127 --- [portfolio-backend] [main] com.zaxxer.hikari.HikariDataSource       : HikariPool-1 - Start completed.
2026-02-23T12:49:37.779-06:00  INFO 14127 --- [portfolio-backend] [main] org.hibernate.orm.connections.pooling    : HHH10001005: Database info:
	Database JDBC URL [jdbc:h2:mem:testdb]
	Database driver: H2 JDBC Driver
	Database dialect: H2Dialect
	Database version: 2.4.240
	Default catalog/schema: TESTDB/PUBLIC
	Autocommit mode: undefined/unknown
	Isolation level: READ_COMMITTED [default READ_COMMITTED]
	JDBC fetch size: 100
	Pool: DataSourceConnectionProvider
	Minimum pool size: undefined/unknown
	Maximum pool size: undefined/unknown
2026-02-23T12:49:38.828-06:00  INFO 14127 --- [portfolio-backend] [main] org.hibernate.orm.core                   : HHH000489: No JTA platform available (set 'hibernate.transaction.jta.platform' to enable JTA platform integration)
2026-02-23T12:49:38.910-06:00  INFO 14127 --- [portfolio-backend] [main] j.LocalContainerEntityManagerFactoryBean : Initialized JPA EntityManagerFactory for persistence unit 'default'
2026-02-23T12:49:39.032-06:00  INFO 14127 --- [portfolio-backend] [main] o.s.d.j.r.query.QueryEnhancerFactories   : Hibernate is in classpath; If applicable, HQL parser will be used.
2026-02-23T12:49:39.292-06:00  WARN 14127 --- [portfolio-backend] [main] JpaBaseConfiguration$JpaWebConfiguration : spring.jpa.open-in-view is enabled by default. Therefore, database queries may be performed during view rendering. Explicitly configure spring.jpa.open-in-view to disable this warning
2026-02-23T12:49:39.420-06:00  WARN 14127 --- [portfolio-backend] [main] .s.a.UserDetailsServiceAutoConfiguration : 

Using generated security password: 90865936-a0d8-431a-bd9e-4acfdda604b5

This generated password is for development use only. Your security configuration must be updated before running your application in production.

2026-02-23T12:49:39.429-06:00  INFO 14127 --- [portfolio-backend] [main] r$InitializeUserDetailsManagerConfigurer : Global AuthenticationManager configured with UserDetailsService bean with name inMemoryUserDetailsManager
2026-02-23T12:49:39.865-06:00  INFO 14127 --- [portfolio-backend] [main] o.s.b.h.a.H2ConsoleAutoConfiguration     : H2 console available at '/h2-console'. Database available at 'jdbc:h2:mem:testdb'
2026-02-23T12:49:40.004-06:00  INFO 14127 --- [portfolio-backend] [main] o.s.boot.tomcat.TomcatWebServer          : Tomcat started on port 8080 (http) with context path '/'
2026-02-23T12:49:40.010-06:00  INFO 14127 --- [portfolio-backend] [main] c.k.p.PortfolioBackendApplication        : Started PortfolioBackendApplication in 6.064 seconds (process running for 6.884)
2026-02-23T12:50:26.826-06:00  INFO 14127 --- [portfolio-backend] [SpringApplicationShutdownHook] o.s.boot.tomcat.GracefulShutdown         : Commencing graceful shutdown. Waiting for active requests to complete
2026-02-23T12:50:26.851-06:00  INFO 14127 --- [portfolio-backend] [tomcat-shutdown] o.s.boot.tomcat.GracefulShutdown         : Graceful shutdown complete
2026-02-23T12:50:26.858-06:00  INFO 14127 --- [portfolio-backend] [SpringApplicationShutdownHook] j.LocalContainerEntityManagerFactoryBean : Closing JPA EntityManagerFactory for persistence unit 'default'
2026-02-23T12:50:26.862-06:00  INFO 14127 --- [portfolio-backend] [SpringApplicationShutdownHook] com.zaxxer.hikari.HikariDataSource       : HikariPool-1 - Shutdown initiated...
2026-02-23T12:50:26.865-06:00  INFO 14127 --- [portfolio-backend] [SpringApplicationShutdownHook] com.zaxxer.hikari.HikariDataSource       : HikariPool-1 - Shutdown completed.
2026-02-23T13:23:49.565-06:00  INFO 16462 --- [portfolio-backend] [main] c.k.p.PortfolioBackendApplication        : Starting PortfolioBackendApplication using Java 25.0.1 with PID 16462 (/Users/kevinmartinez/Desktop/portfolio-repo/portfolio-backend/target/classes started by kevinmartinez in /Users/kevinmartinez/Desktop/portfolio-repo/portfolio-backend)
2026-02-23T13:23:49.569-06:00  INFO 16462 --- [portfolio-backend] [main] c.k.p.PortfolioBackendApplication        : No active profile set, falling back to 1 default profile: "default"
2026-02-23T13:23:50.351-06:00  INFO 16462 --- [portfolio-backend] [main] .s.d.r.c.RepositoryConfigurationDelegate : Bootstrapping Spring Data JPA repositories in DEFAULT mode.
2026-02-23T13:23:50.404-06:00  INFO 16462 --- [portfolio-backend] [main] .s.d.r.c.RepositoryConfigurationDelegate : Finished Spring Data repository scanning in 44 ms. Found 1 JPA repository interface.
2026-02-23T13:23:51.105-06:00  INFO 16462 --- [portfolio-backend] [main] o.s.boot.tomcat.TomcatWebServer          : Tomcat initialized with port 8080 (http)
2026-02-23T13:23:51.129-06:00  INFO 16462 --- [portfolio-backend] [main] o.apache.catalina.core.StandardService   : Starting service [Tomcat]
2026-02-23T13:23:51.130-06:00  INFO 16462 --- [portfolio-backend] [main] o.apache.catalina.core.StandardEngine    : Starting Servlet engine: [Apache Tomcat/11.0.15]
2026-02-23T13:23:51.188-06:00  INFO 16462 --- [portfolio-backend] [main] b.w.c.s.WebApplicationContextInitializer : Root WebApplicationContext: initialization completed in 1554 ms
2026-02-23T13:23:51.457-06:00  INFO 16462 --- [portfolio-backend] [main] org.hibernate.orm.jpa                    : HHH008540: Processing PersistenceUnitInfo [name: default]
2026-02-23T13:23:51.513-06:00  INFO 16462 --- [portfolio-backend] [main] org.hibernate.orm.core                   : HHH000001: Hibernate ORM core version 7.2.1.Final
2026-02-23T13:23:52.116-06:00  INFO 16462 --- [portfolio-backend] [main] o.s.o.j.p.SpringPersistenceUnitInfo      : No LoadTimeWeaver setup: ignoring JPA class transformer
2026-02-23T13:23:52.156-06:00  INFO 16462 --- [portfolio-backend] [main] com.zaxxer.hikari.HikariDataSource       : HikariPool-1 - Starting...
2026-02-23T13:23:52.356-06:00  INFO 16462 --- [portfolio-backend] [main] com.zaxxer.hikari.pool.HikariPool        : HikariPool-1 - Added connection conn0: url=jdbc:h2:mem:testdb user=SA
2026-02-23T13:23:52.358-06:00  INFO 16462 --- [portfolio-backend] [main] com.zaxxer.hikari.HikariDataSource       : HikariPool-1 - Start completed.
2026-02-23T13:23:52.434-06:00  INFO 16462 --- [portfolio-backend] [main] org.hibernate.orm.connections.pooling    : HHH10001005: Database info:
	Database JDBC URL [jdbc:h2:mem:testdb]
	Database driver: H2 JDBC Driver
	Database dialect: H2Dialect
	Database version: 2.4.240
	Default catalog/schema: TESTDB/PUBLIC
	Autocommit mode: undefined/unknown
	Isolation level: READ_COMMITTED [default READ_COMMITTED]
	JDBC fetch size: 100
	Pool: DataSourceConnectionProvider
	Minimum pool size: undefined/unknown
	Maximum pool size: undefined/unknown
2026-02-23T13:23:53.830-06:00  INFO 16462 --- [portfolio-backend] [main] org.hibernate.orm.core                   : HHH000489: No JTA platform available (set 'hibernate.transaction.jta.platform' to enable JTA platform integration)
2026-02-23T13:23:53.918-06:00  INFO 16462 --- [portfolio-backend] [main] j.LocalContainerEntityManagerFactoryBean : Initialized JPA EntityManagerFactory for persistence unit 'default'
2026-02-23T13:23:54.059-06:00  INFO 16462 --- [portfolio-backend] [main] o.s.d.j.r.query.QueryEnhancerFactories   : Hibernate is in classpath; If applicable, HQL parser will be used.
2026-02-23T13:23:54.446-06:00  WARN 16462 --- [portfolio-backend] [main] JpaBaseConfiguration$JpaWebConfiguration : spring.jpa.open-in-view is enabled by default. Therefore, database queries may be performed during view rendering. Explicitly configure spring.jpa.open-in-view to disable this warning
2026-02-23T13:23:54.572-06:00  WARN 16462 --- [portfolio-backend] [main] .s.a.UserDetailsServiceAutoConfiguration : 

Using generated security password: 59696e45-d0fc-4661-b37c-408a02841f45

This generated password is for development use only. Your security configuration must be updated before running your application in production.

2026-02-23T13:23:54.583-06:00  INFO 16462 --- [portfolio-backend] [main] r$InitializeUserDetailsManagerConfigurer : Global AuthenticationManager configured with UserDetailsService bean with name inMemoryUserDetailsManager
2026-02-23T13:23:55.035-06:00  INFO 16462 --- [portfolio-backend] [main] o.s.b.h.a.H2ConsoleAutoConfiguration     : H2 console available at '/h2-console'. Database available at 'jdbc:h2:mem:testdb'
2026-02-23T13:23:55.160-06:00  INFO 16462 --- [portfolio-backend] [main] o.s.boot.tomcat.TomcatWebServer          : Tomcat started on port 8080 (http) with context path '/'
2026-02-23T13:23:55.166-06:00  INFO 16462 --- [portfolio-backend] [main] c.k.p.PortfolioBackendApplication        : Started PortfolioBackendApplication in 6.169 seconds (process running for 6.628)
2026-02-23T13:24:09.796-06:00  INFO 16462 --- [portfolio-backend] [http-nio-8080-exec-1] o.a.c.c.C.[Tomcat].[localhost].[/]       : Initializing Spring DispatcherServlet 'dispatcherServlet'
2026-02-23T13:24:09.797-06:00  INFO 16462 --- [portfolio-backend] [http-nio-8080-exec-1] o.s.web.servlet.DispatcherServlet        : Initializing Servlet 'dispatcherServlet'
2026-02-23T13:24:09.798-06:00  INFO 16462 --- [portfolio-backend] [http-nio-8080-exec-1] o.s.web.servlet.DispatcherServlet        : Completed initialization in 1 ms
2026-02-23T13:24:10.581-06:00  INFO 16462 --- [portfolio-backend] [http-nio-8080-exec-2] c.k.p.config.RequestLoggingFilter        : ✅ POST /api/auth/register -> 200 (734 ms)
2026-02-23T13:24:15.966-06:00  INFO 16462 --- [portfolio-backend] [http-nio-8080-exec-4] c.k.p.config.RequestLoggingFilter        : ✅ POST /api/auth/login -> 200 (233 ms)
